<?xml version="1.0" encoding="UTF-8"?>
<!-- Generated by org.testng.reporters.JUnitReportReporter -->
<testsuite hostname="IITC-WS-R20" name="tracfonerestapi.GethrefTest" tests="1" failures="0" timestamp="2 Jan 2020 05:20:15 GMT" time="4.281" errors="0">
  <testcase name="testOUt" time="4.281" classname="tracfonerestapi.GethrefTest"/>
</testsuite> <!-- tracfonerestapi.GethrefTest -->
